<?xml version="1.0" encoding="UTF-8"?>
<!-- Generated by org.testng.reporters.JUnitReportReporter -->
<testsuite hostname="student-virtual-machine" name="com.ferin.TestClient" tests="4" failures="0" timestamp="6 Apr 2016 21:31:41 GMT" time="0.002" errors="0">
  <testcase name="testOutput" time="0.001" classname="com.ferin.TestClient"/>
  <testcase name="testExisits" time="0.001" classname="com.ferin.TestClient"/>
  <testcase name="testNullness" time="0.000" classname="com.ferin.TestClient"/>
  <testcase name="testData" time="0.000" classname="com.ferin.TestClient"/>
</testsuite> <!-- com.ferin.TestClient -->
