<?xml version="1.0" encoding="UTF-8"?>
<!-- Generated by org.testng.reporters.JUnitReportReporter -->
<testsuite hostname="student-virtual-machine" name="com.ferin.TestBank" tests="3" failures="0" timestamp="6 Apr 2016 21:31:41 GMT" time="0.002" errors="0">
  <testcase name="testObjectCreation" time="0.001" classname="com.ferin.TestBank"/>
  <testcase name="testObjectChange" time="0.001" classname="com.ferin.TestBank"/>
  <testcase name="testObjectCopy" time="0.000" classname="com.ferin.TestBank"/>
</testsuite> <!-- com.ferin.TestBank -->
