<?xml version="1.0" encoding="UTF-8"?>
<!-- Generated by org.testng.reporters.JUnitReportReporter -->
<testsuite hostname="student-virtual-machine" name="com.ferin.TestAccount" tests="6" failures="0" timestamp="2 Apr 2016 22:17:29 GMT" time="0.007" errors="0">
  <testcase name="testSavings" time="0.000" classname="com.ferin.TestAccount"/>
  <testcase name="testCreditMethod" time="0.000" classname="com.ferin.TestAccount"/>
  <testcase name="testBuilder" time="0.006" classname="com.ferin.TestAccount"/>
  <testcase name="testCredit" time="0.000" classname="com.ferin.TestAccount"/>
  <testcase name="testCheque" time="0.000" classname="com.ferin.TestAccount"/>
  <testcase name="testDebit" time="0.001" classname="com.ferin.TestAccount"/>
</testsuite> <!-- com.ferin.TestAccount -->
