<?xml version="1.0" encoding="UTF-8"?>
<!-- Generated by org.testng.reporters.JUnitReportReporter -->
<testsuite hostname="student-virtual-machine" name="com.ferin.TestTransaction" tests="6" failures="0" timestamp="2 Apr 2016 22:17:29 GMT" time="0.002" errors="0">
  <testcase name="testNullness" time="0.000" classname="com.ferin.TestTransaction"/>
  <testcase name="testBalanceEnq" time="0.001" classname="com.ferin.TestTransaction"/>
  <testcase name="testWithdraw" time="0.000" classname="com.ferin.TestTransaction"/>
  <testcase name="testChain" time="0.000" classname="com.ferin.TestTransaction"/>
  <testcase name="testTransaction" time="0.000" classname="com.ferin.TestTransaction"/>
  <testcase name="testDeposit" time="0.001" classname="com.ferin.TestTransaction"/>
</testsuite> <!-- com.ferin.TestTransaction -->
