<?xml version="1.0" encoding="UTF-8"?>
<!-- Generated by org.testng.reporters.JUnitReportReporter -->
<testsuite hostname="student-virtual-machine" name="com.ferin.TestClient" tests="4" failures="0" timestamp="7 Apr 2016 19:30:56 GMT" time="0.003" errors="0">
  <testcase name="testPremium" time="0.001" classname="com.ferin.TestClient"/>
  <testcase name="testUpdate" time="0.001" classname="com.ferin.TestClient"/>
  <testcase name="testNull" time="0.001" classname="com.ferin.TestClient"/>
  <testcase name="testStandard" time="0.000" classname="com.ferin.TestClient"/>
</testsuite> <!-- com.ferin.TestClient -->
