<?xml version="1.0" encoding="UTF-8"?>
<!-- Generated by org.testng.reporters.JUnitReportReporter -->
<testsuite hostname="student-virtual-machine" name="com.ferin.TestTransaction" tests="3" failures="0" timestamp="7 Apr 2016 19:30:56 GMT" time="0.001" errors="0">
  <testcase name="testBalanceEnquiry" time="0.001" classname="com.ferin.TestTransaction"/>
  <testcase name="testWithdraw" time="0.000" classname="com.ferin.TestTransaction"/>
  <testcase name="testTransfer" time="0.000" classname="com.ferin.TestTransaction"/>
</testsuite> <!-- com.ferin.TestTransaction -->
