<?xml version="1.0" encoding="UTF-8"?>
<!-- Generated by org.testng.reporters.JUnitReportReporter -->
<testsuite hostname="student-virtual-machine" name="com.ferin.TestAccount" tests="4" failures="0" timestamp="7 Apr 2016 19:30:56 GMT" time="0.006" errors="0">
  <testcase name="testClassOrigin" time="0.000" classname="com.ferin.TestAccount"/>
  <testcase name="testChange" time="0.006" classname="com.ferin.TestAccount"/>
  <testcase name="testStudent" time="0.000" classname="com.ferin.TestAccount"/>
  <testcase name="testNull" time="0.000" classname="com.ferin.TestAccount"/>
</testsuite> <!-- com.ferin.TestAccount -->
